TN:
SF:src/auth/auth-guard.ts
FN:12,canAccessRoute
FN:41,protectRoute
FN:59,canAccessPublicRoute
FN:74,getRedirectAfterLogin
FN:83,withAuthGuard
FN:87,(anonymous_5)
FN:102,hasPermission
FN:112,hasAnyRole
FN:122,hasAllRoles
FNF:9
FNH:2
FNDA:8,canAccessRoute
FNDA:3,protectRoute
FNDA:0,canAccessPublicRoute
FNDA:0,getRedirectAfterLogin
FNDA:0,withAuthGuard
FNDA:0,(anonymous_5)
FNDA:0,hasPermission
FNDA:0,hasAnyRole
FNDA:0,hasAllRoles
DA:6,1
DA:7,1
DA:12,1
DA:13,8
DA:14,1
DA:18,7
DA:19,4
DA:26,3
DA:28,3
DA:29,0
DA:35,3
DA:41,1
DA:42,3
DA:44,3
DA:46,3
DA:49,3
DA:50,3
DA:53,0
DA:59,1
DA:61,0
DA:62,0
DA:68,0
DA:74,1
DA:75,0
DA:76,0
DA:77,0
DA:83,1
DA:87,0
DA:88,0
DA:90,0
DA:91,0
DA:92,0
DA:93,0
DA:102,1
DA:105,0
DA:112,1
DA:115,0
DA:122,1
DA:124,0
LF:39
LH:22
BRDA:12,0,0,0
BRDA:13,1,0,1
BRDA:18,2,0,4
BRDA:28,3,0,0
BRDA:41,4,0,0
BRDA:44,5,0,3
BRDA:44,6,0,3
BRDA:44,6,1,3
BRDA:61,7,0,0
BRDA:77,8,0,0
BRDA:77,8,1,0
BRDA:85,9,0,0
BRDA:90,10,0,0
BRDA:90,10,1,0
BRDA:92,11,0,0
BRF:15
BRH:5
end_of_record
TN:
SF:src/auth/oauth-manager.ts
FN:16,generateRandomString
FN:19,(anonymous_1)
FN:25,generateCodeVerifier
FN:39,generateCodeChallenge
FN:55,generateState
FN:62,generatePKCEChallenge
FN:76,storePKCE
FN:83,retrievePKCE
FN:92,generateAndStoreState
FN:101,retrieveState
FN:110,validateState
FN:118,buildAuthorizationUrl
FN:139,buildFullAuthorizationUrl
FN:164,exchangeCodeForTokens
FN:186,(anonymous_14)
FN:196,initiateOAuthFlow
FN:204,handleOAuthCallback
FN:249,getProviderConfig
FNF:18
FNH:6
FNDA:4,generateRandomString
FNDA:128,(anonymous_1)
FNDA:8,generateCodeVerifier
FNDA:5,generateCodeChallenge
FNDA:4,generateState
FNDA:0,generatePKCEChallenge
FNDA:0,storePKCE
FNDA:0,retrievePKCE
FNDA:0,generateAndStoreState
FNDA:0,retrieveState
FNDA:0,validateState
FNDA:0,buildAuthorizationUrl
FNDA:0,buildFullAuthorizationUrl
FNDA:5,exchangeCodeForTokens
FNDA:0,(anonymous_14)
FNDA:0,initiateOAuthFlow
FNDA:0,handleOAuthCallback
FNDA:0,getProviderConfig
DA:7,2
DA:8,2
DA:10,2
DA:11,2
DA:17,4
DA:18,4
DA:19,128
DA:25,2
DA:26,8
DA:27,8
DA:29,8
DA:30,8
DA:39,2
DA:40,5
DA:41,0
DA:42,0
DA:45,0
DA:46,0
DA:55,2
DA:56,4
DA:62,2
DA:63,0
DA:64,0
DA:66,0
DA:77,0
DA:83,2
DA:84,0
DA:85,0
DA:86,0
DA:93,0
DA:94,0
DA:95,0
DA:101,2
DA:102,0
DA:103,0
DA:104,0
DA:110,2
DA:111,0
DA:112,0
DA:118,2
DA:123,0
DA:133,0
DA:139,2
DA:141,0
DA:142,0
DA:145,0
DA:148,0
DA:158,0
DA:164,2
DA:169,5
DA:177,5
DA:185,5
DA:186,2
DA:187,2
DA:190,3
DA:196,2
DA:197,0
DA:198,0
DA:204,2
DA:209,0
DA:212,0
DA:213,0
DA:221,0
DA:222,0
DA:230,0
DA:231,0
DA:238,0
DA:249,2
DA:251,0
DA:280,0
LF:70
LH:32
BRDA:185,0,0,2
BRDA:187,1,0,2
BRDA:187,1,1,0
BRDA:212,2,0,0
BRDA:215,3,0,0
BRDA:215,3,1,0
BRDA:221,4,0,0
BRDA:221,5,0,0
BRDA:221,5,1,0
BRDA:230,6,0,0
BRF:10
BRH:2
end_of_record
TN:
SF:src/auth/token-manager.ts
FN:17,storeTokens
FN:41,getCurrentTokens
FN:63,clearTokens
FN:71,isTokenExpired
FN:86,getValidAccessToken
FN:111,refreshAccessToken
FN:182,revokeTokens
FN:228,scheduleTokenRefresh
FN:238,(anonymous_8)
FN:241,(anonymous_9)
FN:246,(anonymous_10)
FN:255,extractTokenExpiration
FNF:12
FNH:9
FNDA:14,storeTokens
FNDA:7,getCurrentTokens
FNDA:9,clearTokens
FNDA:6,isTokenExpired
FNDA:3,getValidAccessToken
FNDA:3,refreshAccessToken
FNDA:0,revokeTokens
FNDA:3,scheduleTokenRefresh
FNDA:0,(anonymous_8)
FNDA:1,(anonymous_9)
FNDA:2,(anonymous_10)
FNDA:0,extractTokenExpiration
DA:6,3
DA:7,3
DA:12,3
DA:17,3
DA:20,14
DA:21,1
DA:28,13
DA:32,14
DA:35,14
DA:41,3
DA:43,7
DA:44,7
DA:46,6
DA:47,6
DA:52,1
DA:53,1
DA:54,1
DA:57,0
DA:63,3
DA:64,9
DA:65,9
DA:71,3
DA:72,6
DA:73,0
DA:76,6
DA:77,6
DA:80,6
DA:86,3
DA:87,3
DA:89,3
DA:90,0
DA:94,3
DA:95,3
DA:99,0
DA:101,0
DA:102,0
DA:105,0
DA:111,3
DA:112,3
DA:114,3
DA:115,1
DA:121,2
DA:132,2
DA:143,2
DA:144,1
DA:147,1
DA:150,1
DA:152,1
DA:160,1
DA:162,1
DA:167,1
DA:170,1
DA:172,1
DA:182,3
DA:183,0
DA:185,0
DA:186,0
DA:189,0
DA:191,0
DA:192,0
DA:205,0
DA:206,0
DA:218,0
DA:220,0
DA:221,0
DA:228,3
DA:229,3
DA:230,3
DA:231,3
DA:233,3
DA:236,3
DA:237,0
DA:238,0
DA:241,3
DA:242,1
DA:246,3
DA:247,2
DA:255,3
DA:256,0
DA:257,0
DA:258,0
DA:259,0
DA:262,0
DA:264,0
DA:265,0
DA:268,0
DA:270,0
DA:271,0
LF:88
LH:58
BRDA:20,0,0,1
BRDA:20,0,1,13
BRDA:20,1,0,14
BRDA:20,1,1,5
BRDA:24,2,0,1
BRDA:24,2,1,0
BRDA:44,3,0,6
BRDA:46,4,0,6
BRDA:53,5,0,1
BRDA:71,6,0,6
BRDA:72,7,0,0
BRDA:89,8,0,0
BRDA:94,9,0,3
BRDA:101,10,0,0
BRDA:101,11,0,0
BRDA:101,11,1,0
BRDA:114,12,0,1
BRDA:114,13,0,3
BRDA:114,13,1,2
BRDA:143,14,0,1
BRDA:154,15,0,1
BRDA:154,15,1,1
BRDA:156,16,0,1
BRDA:156,16,1,0
BRDA:174,17,0,1
BRDA:174,17,1,0
BRDA:185,18,0,0
BRDA:191,19,0,0
BRDA:205,20,0,0
BRDA:236,21,0,0
BRDA:258,22,0,0
BRDA:264,23,0,0
BRF:32
BRH:18
end_of_record
TN:
SF:src/components/agent-card.ts
FN:20,(anonymous_0)
FN:28,(anonymous_1)
FN:36,(anonymous_2)
FN:64,(anonymous_3)
FN:81,(anonymous_4)
FN:117,(anonymous_5)
FN:145,(anonymous_6)
FN:149,(anonymous_7)
FN:155,(anonymous_8)
FN:162,(anonymous_9)
FN:166,(anonymous_10)
FN:177,(anonymous_11)
FN:183,(anonymous_12)
FN:195,(anonymous_13)
FN:206,(anonymous_14)
FNF:15
FNH:0
FNDA:0,(anonymous_0)
FNDA:0,(anonymous_1)
FNDA:0,(anonymous_2)
FNDA:0,(anonymous_3)
FNDA:0,(anonymous_4)
FNDA:0,(anonymous_5)
FNDA:0,(anonymous_6)
FNDA:0,(anonymous_7)
FNDA:0,(anonymous_8)
FNDA:0,(anonymous_9)
FNDA:0,(anonymous_10)
FNDA:0,(anonymous_11)
FNDA:0,(anonymous_12)
FNDA:0,(anonymous_13)
FNDA:0,(anonymous_14)
DA:21,0
DA:27,0
DA:29,0
DA:30,0
DA:37,0
DA:39,0
DA:61,0
DA:65,0
DA:82,0
DA:83,0
DA:85,0
DA:86,0
DA:89,0
DA:118,0
DA:120,0
DA:146,0
DA:148,0
DA:149,0
DA:150,0
DA:156,0
DA:163,0
DA:167,0
DA:174,0
DA:178,0
DA:179,0
DA:180,0
DA:184,0
DA:185,0
DA:187,0
DA:188,0
DA:191,0
DA:192,0
DA:196,0
DA:197,0
DA:198,0
DA:200,0
DA:201,0
DA:202,0
DA:203,0
DA:207,0
DA:208,0
DA:209,0
LF:42
LH:0
BRDA:29,0,0,0
BRDA:56,1,0,0
BRDA:56,1,1,0
BRDA:74,2,0,0
BRDA:74,2,1,0
BRDA:85,3,0,0
BRDA:97,4,0,0
BRDA:97,4,1,0
BRDA:106,5,0,0
BRDA:106,5,1,0
BRDA:126,6,0,0
BRDA:126,6,1,0
BRDA:131,7,0,0
BRDA:131,7,1,0
BRDA:136,8,0,0
BRDA:136,8,1,0
BRDA:148,9,0,0
BRDA:174,10,0,0
BRDA:174,10,1,0
BRDA:178,11,0,0
BRDA:179,12,0,0
BRDA:187,13,0,0
BRDA:200,14,0,0
BRDA:201,15,0,0
BRDA:202,16,0,0
BRF:25
BRH:0
end_of_record
TN:
SF:src/components/base-component.ts
FN:36,(anonymous_0)
FN:42,(anonymous_1)
FN:87,(anonymous_2)
FN:100,(anonymous_3)
FN:119,(anonymous_4)
FN:126,(anonymous_5)
FN:140,(anonymous_6)
FN:152,(anonymous_7)
FN:168,(anonymous_8)
FN:174,(anonymous_9)
FN:188,(anonymous_10)
FN:189,(anonymous_11)
FN:198,(anonymous_12)
FN:207,(anonymous_13)
FN:214,(anonymous_14)
FN:221,(anonymous_15)
FN:228,(anonymous_16)
FN:235,(anonymous_17)
FN:242,(anonymous_18)
FN:249,(anonymous_19)
FN:256,(anonymous_20)
FNF:21
FNH:0
FNDA:0,(anonymous_0)
FNDA:0,(anonymous_1)
FNDA:0,(anonymous_2)
FNDA:0,(anonymous_3)
FNDA:0,(anonymous_4)
FNDA:0,(anonymous_5)
FNDA:0,(anonymous_6)
FNDA:0,(anonymous_7)
FNDA:0,(anonymous_8)
FNDA:0,(anonymous_9)
FNDA:0,(anonymous_10)
FNDA:0,(anonymous_11)
FNDA:0,(anonymous_12)
FNDA:0,(anonymous_13)
FNDA:0,(anonymous_14)
FNDA:0,(anonymous_15)
FNDA:0,(anonymous_16)
FNDA:0,(anonymous_17)
FNDA:0,(anonymous_18)
FNDA:0,(anonymous_19)
FNDA:0,(anonymous_20)
DA:20,0
DA:21,0
DA:24,0
DA:31,0
DA:34,0
DA:37,0
DA:38,0
DA:41,0
DA:43,0
DA:44,0
DA:47,0
DA:48,0
DA:88,0
DA:89,0
DA:92,0
DA:93,0
DA:94,0
DA:101,0
DA:102,0
DA:103,0
DA:106,0
DA:107,0
DA:110,0
DA:111,0
DA:112,0
DA:120,0
DA:127,0
DA:128,0
DA:131,0
DA:134,0
DA:137,0
DA:140,0
DA:141,0
DA:144,0
DA:146,0
DA:157,0
DA:158,0
DA:161,0
DA:162,0
DA:173,0
DA:174,0
DA:179,0
DA:180,0
DA:181,0
DA:189,0
DA:190,0
DA:192,0
DA:199,0
DA:200,0
DA:208,0
DA:215,0
DA:222,0
DA:229,0
DA:236,0
DA:243,0
DA:250,0
DA:257,0
LF:57
LH:0
BRDA:47,0,0,0
BRDA:88,1,0,0
BRDA:88,2,0,0
BRDA:88,2,1,0
BRDA:101,3,0,0
BRDA:110,4,0,0
BRDA:127,5,0,0
BRDA:157,6,0,0
BRDA:174,7,0,0
BRDA:174,7,1,0
BRDA:174,7,2,0
BRDA:179,8,0,0
BRDA:199,9,0,0
BRF:13
BRH:0
end_of_record
TN:
SF:src/components/command-palette.ts
FN:33,(anonymous_0)
FN:42,(anonymous_1)
FN:97,(anonymous_2)
FN:101,(anonymous_3)
FN:104,(anonymous_4)
FN:126,(anonymous_5)
FN:142,(anonymous_6)
FN:146,(anonymous_7)
FN:152,(anonymous_8)
FN:162,(anonymous_9)
FN:167,(anonymous_10)
FN:173,(anonymous_11)
FN:174,(anonymous_12)
FN:178,(anonymous_13)
FN:184,(anonymous_14)
FN:192,(anonymous_15)
FN:202,(anonymous_16)
FN:208,(anonymous_17)
FN:213,(anonymous_18)
FN:221,(anonymous_19)
FN:245,(anonymous_20)
FN:269,(anonymous_21)
FN:278,(anonymous_22)
FN:287,(anonymous_23)
FN:296,(anonymous_24)
FN:300,(anonymous_25)
FN:309,(anonymous_26)
FN:321,(anonymous_27)
FN:330,(anonymous_28)
FN:338,(anonymous_29)
FN:340,(anonymous_30)
FNF:31
FNH:0
FNDA:0,(anonymous_0)
FNDA:0,(anonymous_1)
FNDA:0,(anonymous_2)
FNDA:0,(anonymous_3)
FNDA:0,(anonymous_4)
FNDA:0,(anonymous_5)
FNDA:0,(anonymous_6)
FNDA:0,(anonymous_7)
FNDA:0,(anonymous_8)
FNDA:0,(anonymous_9)
FNDA:0,(anonymous_10)
FNDA:0,(anonymous_11)
FNDA:0,(anonymous_12)
FNDA:0,(anonymous_13)
FNDA:0,(anonymous_14)
FNDA:0,(anonymous_15)
FNDA:0,(anonymous_16)
FNDA:0,(anonymous_17)
FNDA:0,(anonymous_18)
FNDA:0,(anonymous_19)
FNDA:0,(anonymous_20)
FNDA:0,(anonymous_21)
FNDA:0,(anonymous_22)
FNDA:0,(anonymous_23)
FNDA:0,(anonymous_24)
FNDA:0,(anonymous_25)
FNDA:0,(anonymous_26)
FNDA:0,(anonymous_27)
FNDA:0,(anonymous_28)
FNDA:0,(anonymous_29)
FNDA:0,(anonymous_30)
DA:31,0
DA:34,0
DA:43,0
DA:45,0
DA:46,0
DA:47,0
DA:48,0
DA:51,0
DA:52,0
DA:92,0
DA:95,0
DA:96,0
DA:97,0
DA:102,0
DA:104,0
DA:127,0
DA:128,0
DA:135,0
DA:144,0
DA:145,0
DA:146,0
DA:150,0
DA:151,0
DA:152,0
DA:153,0
DA:154,0
DA:160,0
DA:161,0
DA:162,0
DA:163,0
DA:164,0
DA:167,0
DA:168,0
DA:173,0
DA:174,0
DA:175,0
DA:178,0
DA:179,0
DA:185,0
DA:193,0
DA:194,0
DA:197,0
DA:198,0
DA:201,0
DA:203,0
DA:208,0
DA:213,0
DA:218,0
DA:222,0
DA:224,0
DA:225,0
DA:226,0
DA:229,0
DA:230,0
DA:231,0
DA:234,0
DA:235,0
DA:236,0
DA:239,0
DA:240,0
DA:241,0
DA:246,0
DA:248,0
DA:249,0
DA:252,0
DA:254,0
DA:255,0
DA:256,0
DA:257,0
DA:260,0
DA:263,0
DA:264,0
DA:265,0
DA:270,0
DA:272,0
DA:273,0
DA:274,0
DA:280,0
DA:282,0
DA:283,0
DA:288,0
DA:289,0
DA:292,0
DA:293,0
DA:297,0
DA:301,0
DA:302,0
DA:303,0
DA:310,0
DA:322,0
DA:331,0
DA:332,0
DA:334,0
DA:340,0
DA:341,0
DA:343,0
DA:344,0
DA:345,0
LF:98
LH:0
BRDA:45,0,0,0
BRDA:54,1,0,0
BRDA:54,1,1,0
BRDA:80,2,0,0
BRDA:80,2,1,0
BRDA:96,3,0,0
BRDA:106,4,0,0
BRDA:106,4,1,0
BRDA:112,5,0,0
BRDA:112,5,1,0
BRDA:116,6,0,0
BRDA:116,6,1,0
BRDA:127,7,0,0
BRDA:145,8,0,0
BRDA:151,9,0,0
BRDA:153,10,0,0
BRDA:161,11,0,0
BRDA:193,12,0,0
BRDA:203,13,0,0
BRDA:203,13,1,0
BRDA:203,13,2,0
BRDA:203,13,3,0
BRDA:212,14,0,0
BRDA:212,14,1,0
BRDA:222,15,0,0
BRDA:222,15,1,0
BRDA:222,15,2,0
BRDA:222,15,3,0
BRDA:248,16,0,0
BRDA:254,17,0,0
BRDA:254,17,1,0
BRDA:256,18,0,0
BRDA:264,19,0,0
BRDA:272,20,0,0
BRDA:282,21,0,0
BRDA:288,22,0,0
BRDA:331,23,0,0
BRDA:331,23,1,0
BRDA:343,24,0,0
BRDA:343,25,0,0
BRDA:343,25,1,0
BRDA:343,25,2,0
BRF:42
BRH:0
end_of_record
TN:
SF:src/components/dashboard-grid.ts
FN:25,(anonymous_0)
FN:33,(anonymous_1)
FN:42,(anonymous_2)
FN:69,(anonymous_3)
FN:78,(anonymous_4)
FN:87,(anonymous_5)
FN:90,(anonymous_6)
FN:116,(anonymous_7)
FN:124,(anonymous_8)
FN:128,(anonymous_9)
FN:129,(anonymous_10)
FN:144,(anonymous_11)
FN:149,(anonymous_12)
FN:157,(anonymous_13)
FNF:14
FNH:0
FNDA:0,(anonymous_0)
FNDA:0,(anonymous_1)
FNDA:0,(anonymous_2)
FNDA:0,(anonymous_3)
FNDA:0,(anonymous_4)
FNDA:0,(anonymous_5)
FNDA:0,(anonymous_6)
FNDA:0,(anonymous_7)
FNDA:0,(anonymous_8)
FNDA:0,(anonymous_9)
FNDA:0,(anonymous_10)
FNDA:0,(anonymous_11)
FNDA:0,(anonymous_12)
FNDA:0,(anonymous_13)
DA:22,0
DA:23,0
DA:26,0
DA:32,0
DA:34,0
DA:44,0
DA:47,0
DA:48,0
DA:51,0
DA:52,0
DA:53,0
DA:55,0
DA:56,0
DA:57,0
DA:60,0
DA:61,0
DA:62,0
DA:66,0
DA:70,0
DA:79,0
DA:88,0
DA:90,0
DA:91,0
DA:94,0
DA:95,0
DA:96,0
DA:99,0
DA:100,0
DA:101,0
DA:102,0
DA:104,0
DA:105,0
DA:106,0
DA:109,0
DA:110,0
DA:116,0
DA:117,0
DA:118,0
DA:119,0
DA:126,0
DA:127,0
DA:129,0
DA:130,0
DA:131,0
DA:132,0
DA:146,0
DA:151,0
DA:152,0
DA:153,0
DA:157,0
DA:158,0
LF:51
LH:0
BRDA:55,0,0,0
BRDA:55,1,0,0
BRDA:55,1,1,0
BRDA:60,2,0,0
BRDA:94,3,0,0
BRDA:94,3,1,0
BRDA:109,4,0,0
BRDA:117,5,0,0
BRDA:126,6,0,0
BRDA:130,7,0,0
BRDA:151,8,0,0
BRF:11
BRH:0
end_of_record
TN:
SF:src/components/sidebar.ts
FN:33,(anonymous_0)
FN:40,(anonymous_1)
FN:82,(anonymous_2)
FN:104,(anonymous_3)
FN:107,(anonymous_4)
FN:112,(anonymous_5)
FN:132,(anonymous_6)
FN:164,(anonymous_7)
FN:182,(anonymous_8)
FN:186,(anonymous_9)
FN:190,(anonymous_10)
FN:196,(anonymous_11)
FN:202,(anonymous_12)
FN:206,(anonymous_13)
FN:207,(anonymous_14)
FN:217,(anonymous_15)
FN:223,(anonymous_16)
FN:240,(anonymous_17)
FN:247,(anonymous_18)
FN:254,(anonymous_19)
FN:261,(anonymous_20)
FN:265,(anonymous_21)
FN:272,(anonymous_22)
FNF:23
FNH:0
FNDA:0,(anonymous_0)
FNDA:0,(anonymous_1)
FNDA:0,(anonymous_2)
FNDA:0,(anonymous_3)
FNDA:0,(anonymous_4)
FNDA:0,(anonymous_5)
FNDA:0,(anonymous_6)
FNDA:0,(anonymous_7)
FNDA:0,(anonymous_8)
FNDA:0,(anonymous_9)
FNDA:0,(anonymous_10)
FNDA:0,(anonymous_11)
FNDA:0,(anonymous_12)
FNDA:0,(anonymous_13)
FNDA:0,(anonymous_14)
FNDA:0,(anonymous_15)
FNDA:0,(anonymous_16)
FNDA:0,(anonymous_17)
FNDA:0,(anonymous_18)
FNDA:0,(anonymous_19)
FNDA:0,(anonymous_20)
FNDA:0,(anonymous_21)
FNDA:0,(anonymous_22)
DA:27,0
DA:34,0
DA:41,0
DA:42,0
DA:44,0
DA:79,0
DA:83,0
DA:105,0
DA:107,0
DA:113,0
DA:115,0
DA:133,0
DA:134,0
DA:137,0
DA:139,0
DA:140,0
DA:143,0
DA:165,0
DA:166,0
DA:169,0
DA:183,0
DA:188,0
DA:189,0
DA:190,0
DA:194,0
DA:195,0
DA:196,0
DA:200,0
DA:201,0
DA:202,0
DA:206,0
DA:207,0
DA:208,0
DA:209,0
DA:210,0
DA:215,0
DA:216,0
DA:217,0
DA:218,0
DA:225,0
DA:226,0
DA:230,0
DA:233,0
DA:234,0
DA:241,0
DA:248,0
DA:255,0
DA:262,0
DA:267,0
DA:268,0
DA:273,0
DA:274,0
DA:275,0
LF:53
LH:0
BRDA:42,0,0,0
BRDA:42,0,1,0
BRDA:45,1,0,0
BRDA:45,1,1,0
BRDA:47,2,0,0
BRDA:47,2,1,0
BRDA:47,3,0,0
BRDA:47,3,1,0
BRDA:51,4,0,0
BRDA:51,4,1,0
BRDA:51,5,0,0
BRDA:51,5,1,0
BRDA:54,6,0,0
BRDA:54,6,1,0
BRDA:76,7,0,0
BRDA:76,7,1,0
BRDA:76,8,0,0
BRDA:76,8,1,0
BRDA:119,9,0,0
BRDA:119,9,1,0
BRDA:121,10,0,0
BRDA:121,10,1,0
BRDA:133,11,0,0
BRDA:139,12,0,0
BRDA:145,13,0,0
BRDA:145,13,1,0
BRDA:165,14,0,0
BRDA:189,15,0,0
BRDA:195,16,0,0
BRDA:201,17,0,0
BRDA:216,18,0,0
BRDA:225,19,0,0
BRDA:225,20,0,0
BRDA:225,20,1,0
BRDA:267,21,0,0
BRDA:267,22,0,0
BRDA:267,22,1,0
BRF:37
BRH:0
end_of_record
TN:
SF:src/components/status-indicator.ts
FN:19,(anonymous_0)
FN:26,(anonymous_1)
FN:42,(anonymous_2)
FN:49,(anonymous_3)
FNF:4
FNH:0
FNDA:0,(anonymous_0)
FNDA:0,(anonymous_1)
FNDA:0,(anonymous_2)
FNDA:0,(anonymous_3)
DA:20,0
DA:27,0
DA:29,0
DA:43,0
DA:50,0
DA:57,0
LF:6
LH:0
BRDA:19,0,0,0
BRDA:31,1,0,0
BRDA:31,1,1,0
BRDA:45,2,0,0
BRDA:45,2,1,0
BRDA:57,3,0,0
BRDA:57,3,1,0
BRF:7
BRH:0
end_of_record
TN:
SF:src/components/theme-toggle.ts
FN:19,(anonymous_0)
FN:26,(anonymous_1)
FN:32,(anonymous_2)
FN:51,(anonymous_3)
FN:55,(anonymous_4)
FN:67,(anonymous_5)
FN:78,(anonymous_6)
FNF:7
FNH:0
FNDA:0,(anonymous_0)
FNDA:0,(anonymous_1)
FNDA:0,(anonymous_2)
FNDA:0,(anonymous_3)
FNDA:0,(anonymous_4)
FNDA:0,(anonymous_5)
FNDA:0,(anonymous_6)
DA:20,0
DA:25,0
DA:27,0
DA:33,0
DA:35,0
DA:49,0
DA:50,0
DA:51,0
DA:56,0
DA:60,0
DA:64,0
DA:68,0
DA:70,0
DA:72,0
DA:74,0
DA:79,0
DA:81,0
DA:83,0
DA:85,0
LF:19
LH:0
BRDA:44,0,0,0
BRDA:44,0,1,0
BRDA:50,1,0,0
BRDA:60,2,0,0
BRDA:60,2,1,0
BRDA:61,3,0,0
BRDA:61,3,1,0
BRDA:68,4,0,0
BRDA:68,4,1,0
BRDA:68,4,2,0
BRDA:79,5,0,0
BRDA:79,5,1,0
BRDA:79,5,2,0
BRF:13
BRH:0
end_of_record
TN:
SF:src/components/toast-notification.ts
FN:29,(anonymous_0)
FN:35,(anonymous_1)
FN:46,(anonymous_2)
FN:51,(anonymous_3)
FN:59,(anonymous_4)
FN:87,(anonymous_5)
FN:89,(anonymous_6)
FN:90,(anonymous_7)
FN:101,(anonymous_8)
FN:118,(anonymous_9)
FN:133,(anonymous_10)
FN:146,(anonymous_11)
FN:160,(anonymous_12)
FN:162,(anonymous_13)
FN:167,(anonymous_14)
FN:175,(anonymous_15)
FN:177,(anonymous_16)
FN:186,(anonymous_17)
FN:190,(anonymous_18)
FN:195,(anonymous_19)
FN:199,(anonymous_20)
FN:203,(anonymous_21)
FN:207,(anonymous_22)
FN:213,(anonymous_23)
FN:215,(anonymous_24)
FNF:25
FNH:0
FNDA:0,(anonymous_0)
FNDA:0,(anonymous_1)
FNDA:0,(anonymous_2)
FNDA:0,(anonymous_3)
FNDA:0,(anonymous_4)
FNDA:0,(anonymous_5)
FNDA:0,(anonymous_6)
FNDA:0,(anonymous_7)
FNDA:0,(anonymous_8)
FNDA:0,(anonymous_9)
FNDA:0,(anonymous_10)
FNDA:0,(anonymous_11)
FNDA:0,(anonymous_12)
FNDA:0,(anonymous_13)
FNDA:0,(anonymous_14)
FNDA:0,(anonymous_15)
FNDA:0,(anonymous_16)
FNDA:0,(anonymous_17)
FNDA:0,(anonymous_18)
FNDA:0,(anonymous_19)
FNDA:0,(anonymous_20)
FNDA:0,(anonymous_21)
FNDA:0,(anonymous_22)
FNDA:0,(anonymous_23)
FNDA:0,(anonymous_24)
DA:26,0
DA:27,0
DA:30,0
DA:35,0
DA:36,0
DA:37,0
DA:47,0
DA:49,0
DA:51,0
DA:56,0
DA:60,0
DA:89,0
DA:90,0
DA:91,0
DA:93,0
DA:94,0
DA:95,0
DA:102,0
DA:104,0
DA:106,0
DA:108,0
DA:111,0
DA:119,0
DA:121,0
DA:127,0
DA:132,0
DA:133,0
DA:134,0
DA:137,0
DA:140,0
DA:148,0
DA:149,0
DA:150,0
DA:151,0
DA:155,0
DA:156,0
DA:157,0
DA:160,0
DA:161,0
DA:162,0
DA:166,0
DA:167,0
DA:177,0
DA:178,0
DA:180,0
DA:187,0
DA:192,0
DA:196,0
DA:200,0
DA:204,0
DA:208,0
DA:209,0
DA:210,0
DA:215,0
DA:216,0
LF:55
LH:0
BRDA:50,0,0,0
BRDA:50,0,1,0
BRDA:72,1,0,0
BRDA:72,1,1,0
BRDA:93,2,0,0
BRDA:102,3,0,0
BRDA:102,3,1,0
BRDA:102,3,2,0
BRDA:102,3,3,0
BRDA:102,3,4,0
BRDA:132,4,0,0
BRDA:149,5,0,0
BRDA:156,6,0,0
BRDA:156,6,1,0
BRDA:186,7,0,0
BRDA:190,8,0,0
BRDA:195,9,0,0
BRDA:199,10,0,0
BRF:18
BRH:0
end_of_record
TN:
SF:src/pages/dashboard.ts
FN:30,(anonymous_0)
FN:36,(anonymous_1)
FN:69,(anonymous_2)
FN:106,(anonymous_3)
FN:136,(anonymous_4)
FNF:5
FNH:0
FNDA:0,(anonymous_0)
FNDA:0,(anonymous_1)
FNDA:0,(anonymous_2)
FNDA:0,(anonymous_3)
FNDA:0,(anonymous_4)
DA:24,0
DA:25,0
DA:26,0
DA:27,0
DA:28,0
DA:31,0
DA:37,0
DA:66,0
DA:71,0
DA:72,0
DA:73,0
DA:74,0
DA:78,0
DA:79,0
DA:80,0
DA:81,0
DA:85,0
DA:86,0
DA:87,0
DA:88,0
DA:92,0
DA:93,0
DA:94,0
DA:95,0
DA:99,0
DA:100,0
DA:101,0
DA:102,0
DA:107,0
DA:108,0
DA:111,0
DA:113,0
DA:116,0
DA:118,0
DA:119,0
DA:121,0
DA:122,0
DA:126,0
DA:128,0
DA:130,0
DA:131,0
DA:138,0
DA:139,0
DA:140,0
DA:141,0
DA:142,0
DA:145,0
LF:47
LH:0
BRDA:72,0,0,0
BRDA:79,1,0,0
BRDA:86,2,0,0
BRDA:93,3,0,0
BRDA:100,4,0,0
BRDA:107,5,0,0
BRDA:118,6,0,0
BRDA:121,7,0,0
BRDA:130,8,0,0
BRF:9
BRH:0
end_of_record
TN:
SF:src/pages/login.ts
FN:36,(anonymous_0)
FN:43,(anonymous_1)
FN:74,(anonymous_2)
FN:90,(anonymous_3)
FN:109,(anonymous_4)
FN:111,(anonymous_5)
FN:112,(anonymous_6)
FN:121,(anonymous_7)
FN:127,(anonymous_8)
FN:142,(anonymous_9)
FNF:10
FNH:0
FNDA:0,(anonymous_0)
FNDA:0,(anonymous_1)
FNDA:0,(anonymous_2)
FNDA:0,(anonymous_3)
FNDA:0,(anonymous_4)
FNDA:0,(anonymous_5)
FNDA:0,(anonymous_6)
FNDA:0,(anonymous_7)
FNDA:0,(anonymous_8)
FNDA:0,(anonymous_9)
DA:28,0
DA:37,0
DA:45,0
DA:46,0
DA:47,0
DA:50,0
DA:52,0
DA:74,0
DA:87,0
DA:91,0
DA:111,0
DA:112,0
DA:113,0
DA:114,0
DA:119,0
DA:120,0
DA:121,0
DA:122,0
DA:128,0
DA:130,0
DA:131,0
DA:134,0
DA:135,0
DA:143,0
DA:144,0
DA:145,0
LF:26
LH:0
BRDA:45,0,0,0
BRDA:63,1,0,0
BRDA:63,1,1,0
BRDA:73,2,0,0
BRDA:73,2,1,0
BRDA:95,3,0,0
BRDA:95,3,1,0
BRDA:120,4,0,0
BRDA:137,5,0,0
BRDA:137,5,1,0
BRF:10
BRH:0
end_of_record
TN:
SF:src/pages/oauth-callback.ts
FN:20,(anonymous_0)
FN:27,(anonymous_1)
FN:62,(anonymous_2)
FN:73,(anonymous_3)
FN:84,(anonymous_4)
FN:89,(anonymous_5)
FN:103,(anonymous_6)
FN:121,(anonymous_7)
FNF:8
FNH:0
FNDA:0,(anonymous_0)
FNDA:0,(anonymous_1)
FNDA:0,(anonymous_2)
FNDA:0,(anonymous_3)
FNDA:0,(anonymous_4)
FNDA:0,(anonymous_5)
FNDA:0,(anonymous_6)
FNDA:0,(anonymous_7)
DA:21,0
DA:28,0
DA:30,0
DA:63,0
DA:65,0
DA:67,0
DA:69,0
DA:74,0
DA:76,0
DA:78,0
DA:80,0
DA:86,0
DA:90,0
DA:92,0
DA:94,0
DA:95,0
DA:101,0
DA:103,0
DA:104,0
DA:107,0
DA:113,0
DA:114,0
DA:122,0
DA:123,0
DA:124,0
LF:25
LH:0
BRDA:41,0,0,0
BRDA:41,0,1,0
BRDA:47,1,0,0
BRDA:47,1,1,0
BRDA:63,2,0,0
BRDA:63,2,1,0
BRDA:63,2,2,0
BRDA:74,3,0,0
BRDA:74,3,1,0
BRDA:74,3,2,0
BRDA:94,4,0,0
BRDA:94,4,1,0
BRDA:101,5,0,0
BRDA:101,5,1,0
BRDA:116,6,0,0
BRDA:116,6,1,0
BRF:16
BRH:0
end_of_record
TN:
SF:src/pages/router.ts
FN:33,(anonymous_0)
FN:40,(anonymous_1)
FN:42,(anonymous_2)
FN:47,(anonymous_3)
FN:52,(anonymous_4)
FN:68,(anonymous_5)
FN:116,(anonymous_6)
FN:118,(anonymous_7)
FN:126,(anonymous_8)
FN:132,(anonymous_9)
FN:156,(anonymous_10)
FN:169,initializeRouter
FN:184,getRouter
FN:195,navigate
FNF:14
FNH:0
FNDA:0,(anonymous_0)
FNDA:0,(anonymous_1)
FNDA:0,(anonymous_2)
FNDA:0,(anonymous_3)
FNDA:0,(anonymous_4)
FNDA:0,(anonymous_5)
FNDA:0,(anonymous_6)
FNDA:0,(anonymous_7)
FNDA:0,(anonymous_8)
FNDA:0,(anonymous_9)
FNDA:0,(anonymous_10)
FNDA:0,initializeRouter
FNDA:0,getRouter
FNDA:0,navigate
DA:23,0
DA:30,0
DA:34,0
DA:42,0
DA:43,0
DA:47,0
DA:48,0
DA:52,0
DA:53,0
DA:55,0
DA:56,0
DA:57,0
DA:62,0
DA:70,0
DA:72,0
DA:73,0
DA:74,0
DA:75,0
DA:79,0
DA:80,0
DA:81,0
DA:83,0
DA:84,0
DA:89,0
DA:90,0
DA:92,0
DA:94,0
DA:95,0
DA:96,0
DA:102,0
DA:103,0
DA:107,0
DA:110,0
DA:118,0
DA:120,0
DA:121,0
DA:126,0
DA:134,0
DA:135,0
DA:136,0
DA:140,0
DA:143,0
DA:144,0
DA:145,0
DA:148,0
DA:149,0
DA:150,0
DA:157,0
DA:164,0
DA:170,0
DA:171,0
DA:172,0
DA:175,0
DA:176,0
DA:178,0
DA:185,0
DA:186,0
DA:189,0
DA:196,0
DA:197,0
LF:60
LH:0
BRDA:55,0,0,0
BRDA:55,1,0,0
BRDA:55,1,1,0
BRDA:55,1,2,0
BRDA:68,2,0,0
BRDA:72,3,0,0
BRDA:79,4,0,0
BRDA:81,5,0,0
BRDA:89,6,0,0
BRDA:92,7,0,0
BRDA:94,8,0,0
BRDA:94,9,0,0
BRDA:94,9,1,0
BRDA:102,10,0,0
BRDA:120,11,0,0
BRDA:134,12,0,0
BRDA:170,13,0,0
BRDA:185,14,0,0
BRF:18
BRH:0
end_of_record
TN:
SF:src/services/auth-service.ts
FN:17,login
FN:43,handleLoginCallback
FN:96,exchangeCodeForTokens
FN:138,fetchUserInfo
FN:170,logout
FN:198,initializeAuthService
FNF:6
FNH:0
FNDA:0,login
FNDA:0,handleLoginCallback
FNDA:0,exchangeCodeForTokens
FNDA:0,fetchUserInfo
FNDA:0,logout
FNDA:0,initializeAuthService
DA:12,0
DA:18,0
DA:19,0
DA:22,0
DA:25,0
DA:33,0
DA:35,0
DA:36,0
DA:44,0
DA:45,0
DA:48,0
DA:50,0
DA:51,0
DA:52,0
DA:56,0
DA:58,0
DA:59,0
DA:60,0
DA:64,0
DA:66,0
DA:67,0
DA:68,0
DA:72,0
DA:74,0
DA:75,0
DA:76,0
DA:80,0
DA:83,0
DA:85,0
DA:87,0
DA:88,0
DA:89,0
DA:97,0
DA:101,0
DA:114,0
DA:115,0
DA:118,0
DA:121,0
DA:123,0
DA:130,0
DA:131,0
DA:139,0
DA:143,0
DA:149,0
DA:150,0
DA:153,0
DA:155,0
DA:162,0
DA:163,0
DA:171,0
DA:173,0
DA:174,0
DA:175,0
DA:179,0
DA:182,0
DA:185,0
DA:187,0
DA:189,0
DA:190,0
DA:200,0
DA:203,0
DA:204,0
LF:62
LH:0
BRDA:27,0,0,0
BRDA:27,0,1,0
BRDA:36,1,0,0
BRDA:36,1,1,0
BRDA:50,2,0,0
BRDA:50,3,0,0
BRDA:50,3,1,0
BRDA:51,4,0,0
BRDA:51,4,1,0
BRDA:58,5,0,0
BRDA:66,6,0,0
BRDA:74,7,0,0
BRDA:88,8,0,0
BRDA:88,8,1,0
BRDA:114,9,0,0
BRDA:127,10,0,0
BRDA:127,10,1,0
BRDA:149,11,0,0
BRDA:156,12,0,0
BRDA:156,12,1,0
BRDA:158,13,0,0
BRDA:158,13,1,0
BRDA:158,13,2,0
BRDA:173,14,0,0
BRDA:203,15,0,0
BRF:25
BRH:0
end_of_record
TN:
SF:src/services/websocket-service.ts
FN:49,connect
FN:91,disconnect
FN:122,handleOpen
FN:140,handleClose
FN:161,handleError
FN:169,handleMessage
FN:209,handleAgentUpdate
FN:216,handleAgentAdded
FN:223,handleAgentRemoved
FN:230,handleSystemNotification
FN:239,attemptReconnect
FN:251,(anonymous_11)
FN:259,startHeartbeat
FN:264,(anonymous_13)
FN:274,send
FN:292,on
FN:300,(anonymous_16)
FN:311,notifyHandlers
FN:315,(anonymous_18)
FN:328,getWebSocketState
FN:335,subscribeToState
FN:342,isConnected
FNF:22
FNH:0
FNDA:0,connect
FNDA:0,disconnect
FNDA:0,handleOpen
FNDA:0,handleClose
FNDA:0,handleError
FNDA:0,handleMessage
FNDA:0,handleAgentUpdate
FNDA:0,handleAgentAdded
FNDA:0,handleAgentRemoved
FNDA:0,handleSystemNotification
FNDA:0,attemptReconnect
FNDA:0,(anonymous_11)
FNDA:0,startHeartbeat
FNDA:0,(anonymous_13)
FNDA:0,send
FNDA:0,on
FNDA:0,(anonymous_16)
FNDA:0,notifyHandlers
FNDA:0,(anonymous_18)
FNDA:0,getWebSocketState
FNDA:0,subscribeToState
FNDA:0,isConnected
DA:18,0
DA:25,0
DA:28,0
DA:29,0
DA:30,0
DA:31,0
DA:34,0
DA:37,0
DA:44,0
DA:50,0
DA:51,0
DA:52,0
DA:56,0
DA:58,0
DA:60,0
DA:62,0
DA:63,0
DA:64,0
DA:68,0
DA:69,0
DA:72,0
DA:75,0
DA:76,0
DA:77,0
DA:78,0
DA:80,0
DA:82,0
DA:83,0
DA:84,0
DA:93,0
DA:94,0
DA:95,0
DA:98,0
DA:99,0
DA:100,0
DA:104,0
DA:105,0
DA:106,0
DA:109,0
DA:116,0
DA:123,0
DA:125,0
DA:131,0
DA:134,0
DA:141,0
DA:143,0
DA:149,0
DA:150,0
DA:151,0
DA:155,0
DA:162,0
DA:163,0
DA:170,0
DA:171,0
DA:174,0
DA:175,0
DA:176,0
DA:180,0
DA:183,0
DA:184,0
DA:187,0
DA:188,0
DA:191,0
DA:192,0
DA:195,0
DA:196,0
DA:200,0
DA:202,0
DA:210,0
DA:217,0
DA:224,0
DA:232,0
DA:233,0
DA:240,0
DA:241,0
DA:242,0
DA:243,0
DA:246,0
DA:247,0
DA:249,0
DA:251,0
DA:252,0
DA:260,0
DA:261,0
DA:264,0
DA:265,0
DA:266,0
DA:275,0
DA:276,0
DA:277,0
DA:280,0
DA:281,0
DA:282,0
DA:284,0
DA:285,0
DA:293,0
DA:294,0
DA:297,0
DA:300,0
DA:301,0
DA:302,0
DA:303,0
DA:312,0
DA:314,0
DA:315,0
DA:316,0
DA:317,0
DA:319,0
DA:329,0
DA:336,0
DA:343,0
LF:111
LH:0
BRDA:38,0,0,0
BRDA:38,0,1,0
BRDA:50,1,0,0
BRDA:50,2,0,0
BRDA:50,2,1,0
BRDA:62,3,0,0
BRDA:83,4,0,0
BRDA:83,4,1,0
BRDA:93,5,0,0
BRDA:98,6,0,0
BRDA:104,7,0,0
BRDA:145,8,0,0
BRDA:145,8,1,0
BRDA:149,9,0,0
BRDA:174,10,0,0
BRDA:180,11,0,0
BRDA:180,11,1,0
BRDA:180,11,2,0
BRDA:180,11,3,0
BRDA:180,11,4,0
BRDA:240,12,0,0
BRDA:260,13,0,0
BRDA:265,14,0,0
BRDA:265,15,0,0
BRDA:265,15,1,0
BRDA:275,16,0,0
BRDA:275,17,0,0
BRDA:275,17,1,0
BRDA:293,18,0,0
BRDA:302,19,0,0
BRDA:314,20,0,0
BRF:31
BRH:0
end_of_record
TN:
SF:src/state/agent-state.ts
FN:27,setAgents
FN:34,addAgent
FN:43,updateAgent
FN:45,(anonymous_3)
FN:62,removeAgent
FN:64,(anonymous_5)
FN:71,setFilter
FN:78,clearFilters
FN:85,setSort
FN:92,setViewMode
FN:99,selectAgent
FN:106,getFilteredAgents
FN:113,(anonymous_12)
FN:118,(anonymous_13)
FN:119,(anonymous_14)
FN:126,(anonymous_15)
FN:134,(anonymous_16)
FN:179,getAgents
FN:186,filterAgents
FN:193,(anonymous_19)
FN:195,(anonymous_20)
FN:201,(anonymous_21)
FN:206,(anonymous_22)
FN:207,(anonymous_23)
FN:214,(anonymous_24)
FN:228,sortAgents
FN:231,(anonymous_26)
FN:276,subscribeToAgents
FN:283,getAgentById
FN:285,(anonymous_29)
FN:291,getAgentCountByStatus
FN:300,(anonymous_31)
FN:311,loadAgents
FNF:33
FNH:21
FNDA:66,setAgents
FNDA:4,addAgent
FNDA:8,updateAgent
FNDA:23,(anonymous_3)
FNDA:4,removeAgent
FNDA:13,(anonymous_5)
FNDA:0,setFilter
FNDA:0,clearFilters
FNDA:0,setSort
FNDA:0,setViewMode
FNDA:0,selectAgent
FNDA:0,getFilteredAgents
FNDA:0,(anonymous_12)
FNDA:0,(anonymous_13)
FNDA:0,(anonymous_14)
FNDA:0,(anonymous_15)
FNDA:0,(anonymous_16)
FNDA:21,getAgents
FNDA:9,filterAgents
FNDA:0,(anonymous_19)
FNDA:8,(anonymous_20)
FNDA:4,(anonymous_21)
FNDA:8,(anonymous_22)
FNDA:8,(anonymous_23)
FNDA:12,(anonymous_24)
FNDA:6,sortAgents
FNDA:19,(anonymous_26)
FNDA:1,subscribeToAgents
FNDA:3,getAgentById
FNDA:6,(anonymous_29)
FNDA:6,getAgentCountByStatus
FNDA:21,(anonymous_31)
FNDA:1,loadAgents
DA:5,2
DA:9,2
DA:22,2
DA:27,2
DA:28,66
DA:34,2
DA:35,4
DA:36,4
DA:37,4
DA:43,2
DA:44,8
DA:45,8
DA:46,23
DA:47,7
DA:54,16
DA:56,8
DA:62,2
DA:63,4
DA:64,13
DA:65,4
DA:71,2
DA:72,0
DA:78,2
DA:79,0
DA:85,2
DA:86,0
DA:92,2
DA:93,0
DA:99,2
DA:100,0
DA:106,2
DA:107,0
DA:109,0
DA:112,0
DA:113,0
DA:117,0
DA:118,0
DA:119,0
DA:124,0
DA:125,0
DA:126,0
DA:127,0
DA:134,0
DA:138,0
DA:140,0
DA:141,0
DA:142,0
DA:144,0
DA:145,0
DA:146,0
DA:148,0
DA:149,0
DA:150,0
DA:152,0
DA:153,0
DA:154,0
DA:156,0
DA:157,0
DA:158,0
DA:160,0
DA:161,0
DA:164,0
DA:165,0
DA:167,0
DA:168,0
DA:170,0
DA:173,0
DA:179,2
DA:180,21
DA:186,2
DA:187,9
DA:188,9
DA:191,9
DA:192,2
DA:193,0
DA:195,8
DA:200,9
DA:201,4
DA:205,9
DA:206,2
DA:207,8
DA:212,9
DA:213,3
DA:214,3
DA:215,12
DA:222,9
DA:228,2
DA:229,6
DA:231,6
DA:235,19
DA:237,6
DA:238,6
DA:239,6
DA:241,0
DA:242,0
DA:243,0
DA:245,7
DA:246,7
DA:247,7
DA:249,0
DA:250,0
DA:251,0
DA:253,6
DA:254,6
DA:255,6
DA:257,0
DA:258,0
DA:261,19
DA:262,2
DA:264,17
DA:265,15
DA:267,2
DA:270,6
DA:276,2
DA:277,1
DA:283,2
DA:284,3
DA:285,6
DA:291,2
DA:292,6
DA:293,6
DA:300,6
DA:301,21
DA:304,6
DA:311,2
DA:314,1
DA:320,1
DA:322,0
DA:323,0
LF:129
LH:77
BRDA:46,0,0,7
BRDA:49,1,0,7
BRDA:49,1,1,3
BRDA:50,2,0,7
BRDA:50,2,1,6
BRDA:51,3,0,7
BRDA:51,3,1,2
BRDA:112,4,0,0
BRDA:112,5,0,0
BRDA:112,5,1,0
BRDA:117,6,0,0
BRDA:117,7,0,0
BRDA:117,7,1,0
BRDA:124,8,0,0
BRDA:127,9,0,0
BRDA:127,9,1,0
BRDA:127,9,2,0
BRDA:138,10,0,0
BRDA:138,10,1,0
BRDA:138,10,2,0
BRDA:138,10,3,0
BRDA:138,10,4,0
BRDA:138,10,5,0
BRDA:164,11,0,0
BRDA:165,12,0,0
BRDA:165,12,1,0
BRDA:167,13,0,0
BRDA:168,14,0,0
BRDA:168,14,1,0
BRDA:191,15,0,2
BRDA:192,16,0,0
BRDA:192,16,1,2
BRDA:200,17,0,1
BRDA:205,18,0,2
BRDA:205,19,0,9
BRDA:205,19,1,2
BRDA:212,20,0,3
BRDA:215,21,0,12
BRDA:215,21,1,10
BRDA:215,21,2,9
BRDA:215,21,3,9
BRDA:235,22,0,6
BRDA:235,22,1,0
BRDA:235,22,2,7
BRDA:235,22,3,0
BRDA:235,22,4,6
BRDA:235,22,5,0
BRDA:261,23,0,2
BRDA:262,24,0,1
BRDA:262,24,1,1
BRDA:264,25,0,15
BRDA:265,26,0,9
BRDA:265,26,1,6
BRDA:285,27,0,3
BRDA:285,27,1,1
BRDA:301,28,0,21
BRDA:301,28,1,20
BRF:57
BRH:31
end_of_record
TN:
SF:src/state/auth-state.ts
FN:26,loadAuthState
FN:50,saveAuthState
FN:65,clearAuthState
FN:80,setAuthLoading
FN:87,setAuthError
FN:94,updateUserInfo
FN:110,updateTokens
FN:123,getUserInfo
FN:130,isAuthenticated
FN:137,getCurrentUser
FN:144,getCurrentTokens
FN:151,isTokenExpired
FN:167,setAuthState
FNF:13
FNH:6
FNDA:0,loadAuthState
FNDA:4,saveAuthState
FNDA:18,clearAuthState
FNDA:0,setAuthLoading
FNDA:0,setAuthError
FNDA:0,updateUserInfo
FNDA:15,updateTokens
FNDA:0,getUserInfo
FNDA:10,isAuthenticated
FNDA:0,getCurrentUser
FNDA:7,getCurrentTokens
FNDA:0,isTokenExpired
FNDA:4,setAuthState
DA:5,3
DA:7,3
DA:9,3
DA:12,3
DA:21,3
DA:26,3
DA:27,0
DA:29,0
DA:31,0
DA:32,0
DA:33,0
DA:42,0
DA:50,3
DA:51,4
DA:53,4
DA:65,3
DA:66,18
DA:68,18
DA:80,3
DA:81,0
DA:87,3
DA:88,0
DA:94,3
DA:95,0
DA:96,0
DA:97,0
DA:98,0
DA:101,0
DA:102,0
DA:110,3
DA:111,15
DA:112,15
DA:115,15
DA:116,0
DA:123,3
DA:124,0
DA:130,3
DA:131,10
DA:137,3
DA:138,0
DA:144,3
DA:145,7
DA:151,3
DA:152,0
DA:153,0
DA:154,0
DA:157,0
DA:158,0
DA:161,0
DA:167,3
DA:168,4
LF:51
LH:28
BRDA:29,0,0,0
BRDA:29,1,0,0
BRDA:29,1,1,0
BRDA:32,2,0,0
BRDA:32,2,1,0
BRDA:96,3,0,0
BRDA:101,4,0,0
BRDA:115,5,0,0
BRDA:151,6,0,0
BRDA:153,7,0,0
BRF:10
BRH:0
end_of_record
TN:
SF:src/state/global-state.ts
FN:13,(anonymous_0)
FN:20,(anonymous_1)
FN:27,(anonymous_2)
FN:42,(anonymous_3)
FN:46,(anonymous_4)
FN:54,(anonymous_5)
FN:55,(anonymous_6)
FN:67,(anonymous_7)
FN:75,(anonymous_8)
FN:82,(anonymous_9)
FN:90,createState
FNF:11
FNH:8
FNDA:15,(anonymous_0)
FNDA:129,(anonymous_1)
FNDA:154,(anonymous_2)
FNDA:10,(anonymous_3)
FNDA:5,(anonymous_4)
FNDA:154,(anonymous_5)
FNDA:18,(anonymous_6)
FNDA:0,(anonymous_7)
FNDA:0,(anonymous_8)
FNDA:0,(anonymous_9)
FNDA:15,createState
DA:9,8
DA:11,15
DA:14,15
DA:21,129
DA:28,154
DA:30,154
DA:31,0
DA:33,154
DA:36,154
DA:43,10
DA:46,10
DA:47,5
DA:55,154
DA:56,18
DA:57,18
DA:59,0
DA:68,0
DA:69,0
DA:76,0
DA:83,0
DA:90,8
DA:91,15
LF:22
LH:16
BRDA:30,0,0,0
BRDA:30,0,1,154
BRF:2
BRH:1
end_of_record
TN:
SF:src/state/theme-manager.ts
FN:33,initializeTheme
FN:58,setTheme
FN:65,subscribeToThemeChanges
FN:72,setThemePreference
FN:100,getThemePreference
FN:107,getTheme
FN:114,getCurrentThemeMode
FN:122,toggleTheme
FN:131,cycleThemePreference
FN:155,startWatchingSystemTheme
FN:160,(anonymous_10)
FN:184,stopWatchingSystemTheme
FN:194,notifyThemeChange
FN:203,onThemeChange
FN:204,(anonymous_14)
FN:211,(anonymous_15)
FN:219,isDarkMode
FN:226,isLightMode
FN:233,isUsingSystemPreference
FNF:19
FNH:8
FNDA:8,initializeTheme
FNDA:19,setTheme
FNDA:5,subscribeToThemeChanges
FNDA:19,setThemePreference
FNDA:14,getThemePreference
FNDA:2,getTheme
FNDA:0,getCurrentThemeMode
FNDA:0,toggleTheme
FNDA:0,cycleThemePreference
FNDA:8,startWatchingSystemTheme
FNDA:0,(anonymous_10)
FNDA:0,stopWatchingSystemTheme
FNDA:19,notifyThemeChange
FNDA:0,onThemeChange
FNDA:0,(anonymous_14)
FNDA:0,(anonymous_15)
FNDA:0,isDarkMode
FNDA:0,isLightMode
FNDA:0,isUsingSystemPreference
DA:5,2
DA:7,2
DA:8,2
DA:15,2
DA:18,2
DA:25,2
DA:27,2
DA:33,2
DA:35,8
DA:36,8
DA:39,8
DA:42,8
DA:49,8
DA:52,8
DA:58,2
DA:59,19
DA:65,2
DA:66,5
DA:72,2
DA:74,19
DA:77,19
DA:80,19
DA:81,19
DA:87,19
DA:90,19
DA:100,2
DA:101,14
DA:107,2
DA:108,2
DA:114,2
DA:115,0
DA:122,2
DA:123,0
DA:124,0
DA:125,0
DA:131,2
DA:132,0
DA:135,0
DA:137,0
DA:138,0
DA:140,0
DA:141,0
DA:143,0
DA:144,0
DA:146,0
DA:149,0
DA:156,8
DA:157,6
DA:160,2
DA:162,0
DA:165,0
DA:166,0
DA:167,0
DA:168,0
DA:169,0
DA:172,0
DA:184,2
DA:185,0
DA:186,0
DA:187,0
DA:196,19
DA:197,19
DA:203,2
DA:204,0
DA:205,0
DA:206,0
DA:209,0
DA:211,0
DA:212,0
DA:219,2
DA:220,0
DA:226,2
DA:227,0
DA:233,2
DA:234,0
LF:75
LH:42
BRDA:36,0,0,8
BRDA:36,0,1,5
BRDA:124,1,0,0
BRDA:124,1,1,0
BRDA:135,2,0,0
BRDA:135,2,1,0
BRDA:135,2,2,0
BRDA:135,2,3,0
BRDA:156,3,0,6
BRDA:166,4,0,0
BRDA:185,5,0,0
BRF:11
BRH:3
end_of_record
TN:
SF:src/state/viewport-state.ts
FN:20,initializeViewport
FN:32,startWatchingViewport
FN:37,(anonymous_2)
FN:49,stopWatchingViewport
FN:59,subscribeToViewportChanges
FN:66,getCurrentViewportState
FN:73,onViewportChange
FN:74,(anonymous_7)
FN:81,(anonymous_8)
FN:89,isCurrentlyMobile
FN:96,isCurrentlyTablet
FN:103,isCurrentlyDesktop
FN:111,isCurrentlyWide
FN:119,isCurrentlyUltraWide
FN:126,getCurrentOptimalColumns
FN:133,isPortrait
FN:140,isLandscape
FNF:17
FNH:0
FNDA:0,initializeViewport
FNDA:0,startWatchingViewport
FNDA:0,(anonymous_2)
FNDA:0,stopWatchingViewport
FNDA:0,subscribeToViewportChanges
FNDA:0,getCurrentViewportState
FNDA:0,onViewportChange
FNDA:0,(anonymous_7)
FNDA:0,(anonymous_8)
FNDA:0,isCurrentlyMobile
FNDA:0,isCurrentlyTablet
FNDA:0,isCurrentlyDesktop
FNDA:0,isCurrentlyWide
FNDA:0,isCurrentlyUltraWide
FNDA:0,getCurrentOptimalColumns
FNDA:0,isPortrait
FNDA:0,isLandscape
DA:10,0
DA:13,0
DA:15,0
DA:22,0
DA:23,0
DA:26,0
DA:33,0
DA:34,0
DA:37,0
DA:38,0
DA:41,0
DA:42,0
DA:50,0
DA:51,0
DA:52,0
DA:60,0
DA:67,0
DA:74,0
DA:75,0
DA:76,0
DA:79,0
DA:81,0
DA:82,0
DA:90,0
DA:97,0
DA:104,0
DA:105,0
DA:112,0
DA:113,0
DA:120,0
DA:127,0
DA:134,0
DA:141,0
LF:33
LH:0
BRDA:33,0,0,0
BRDA:50,1,0,0
BRDA:105,2,0,0
BRDA:105,2,1,0
BRDA:105,2,2,0
BRDA:113,3,0,0
BRDA:113,3,1,0
BRF:7
BRH:0
end_of_record
TN:
SF:src/types/viewport-types.ts
FNF:0
FNH:0
DA:33,0
LF:1
LH:0
BRF:0
BRH:0
end_of_record
TN:
SF:src/utils/dom-helpers.ts
FN:8,smoothScrollTo
FN:33,scrollToTop
FN:46,createElementFromHTML
FN:55,addEventListenerWithCleanup
FN:63,(anonymous_4)
FN:71,querySelector
FN:81,querySelectorAll
FN:91,toggleClass
FN:98,addClasses
FN:105,removeClasses
FN:112,hasClass
FN:119,setAttributes
FN:120,(anonymous_12)
FN:128,removeElement
FN:135,emptyElement
FN:144,getElementOffset
FN:158,isInViewport
FN:172,whenReady
FN:183,debounce
FN:189,(anonymous_19)
FN:196,(anonymous_20)
FN:205,throttle
FN:211,(anonymous_22)
FN:217,(anonymous_23)
FNF:24
FNH:0
FNDA:0,smoothScrollTo
FNDA:0,scrollToTop
FNDA:0,createElementFromHTML
FNDA:0,addEventListenerWithCleanup
FNDA:0,(anonymous_4)
FNDA:0,querySelector
FNDA:0,querySelectorAll
FNDA:0,toggleClass
FNDA:0,addClasses
FNDA:0,removeClasses
FNDA:0,hasClass
FNDA:0,setAttributes
FNDA:0,(anonymous_12)
FNDA:0,removeElement
FNDA:0,emptyElement
FNDA:0,getElementOffset
FNDA:0,isInViewport
FNDA:0,whenReady
FNDA:0,debounce
FNDA:0,(anonymous_19)
FNDA:0,(anonymous_20)
FNDA:0,throttle
FNDA:0,(anonymous_22)
FNDA:0,(anonymous_23)
DA:9,0
DA:13,0
DA:14,0
DA:15,0
DA:19,0
DA:21,0
DA:27,0
DA:34,0
DA:36,0
DA:47,0
DA:48,0
DA:49,0
DA:61,0
DA:63,0
DA:64,0
DA:75,0
DA:85,0
DA:92,0
DA:99,0
DA:106,0
DA:113,0
DA:120,0
DA:121,0
DA:129,0
DA:136,0
DA:137,0
DA:145,0
DA:146,0
DA:147,0
DA:149,0
DA:159,0
DA:161,0
DA:173,0
DA:174,0
DA:176,0
DA:187,0
DA:189,0
DA:190,0
DA:192,0
DA:193,0
DA:196,0
DA:197,0
DA:209,0
DA:211,0
DA:212,0
DA:214,0
DA:215,0
DA:216,0
DA:217,0
DA:218,0
LF:50
LH:0
BRDA:9,0,0,0
BRDA:9,0,1,0
BRDA:13,1,0,0
BRDA:22,2,0,0
BRDA:22,2,1,0
BRDA:33,3,0,0
BRDA:39,4,0,0
BRDA:39,4,1,0
BRDA:39,5,0,0
BRDA:39,5,1,0
BRDA:73,6,0,0
BRDA:83,7,0,0
BRDA:146,8,0,0
BRDA:146,8,1,0
BRDA:147,9,0,0
BRDA:147,9,1,0
BRDA:158,10,0,0
BRDA:162,11,0,0
BRDA:162,11,1,0
BRDA:162,11,2,0
BRDA:162,11,3,0
BRDA:164,12,0,0
BRDA:164,12,1,0
BRDA:165,13,0,0
BRDA:165,13,1,0
BRDA:173,14,0,0
BRDA:173,14,1,0
BRDA:192,15,0,0
BRDA:214,16,0,0
BRF:29
BRH:0
end_of_record
TN:
SF:src/utils/storage.ts
FN:10,(anonymous_0)
FN:26,(anonymous_1)
FN:40,(anonymous_2)
FN:51,(anonymous_3)
FN:62,(anonymous_4)
FN:76,(anonymous_5)
FN:88,(anonymous_6)
FN:98,getItem
FN:103,setItem
FN:107,removeItem
FN:111,clear
FN:115,hasItem
FNF:12
FNH:8
FNDA:29,(anonymous_0)
FNDA:48,(anonymous_1)
FNDA:29,(anonymous_2)
FNDA:1,(anonymous_3)
FNDA:0,(anonymous_4)
FNDA:0,(anonymous_5)
FNDA:0,(anonymous_6)
FNDA:14,getItem
FNDA:11,setItem
FNDA:2,removeItem
FNDA:1,clear
FNDA:0,hasItem
DA:6,7
DA:11,29
DA:12,29
DA:13,29
DA:14,12
DA:16,17
DA:18,1
DA:19,1
DA:27,48
DA:28,48
DA:29,48
DA:30,48
DA:32,0
DA:33,0
DA:41,29
DA:42,29
DA:44,0
DA:52,1
DA:53,1
DA:55,0
DA:63,0
DA:64,0
DA:65,0
DA:66,0
DA:67,0
DA:69,0
DA:77,0
DA:78,0
DA:80,0
DA:81,0
DA:89,0
DA:90,0
DA:92,0
DA:98,7
DA:99,14
DA:100,14
DA:103,7
DA:104,11
DA:107,7
DA:108,2
DA:111,7
DA:112,1
DA:115,7
DA:116,0
LF:44
LH:26
BRDA:13,0,0,12
BRDA:100,1,0,7
BRDA:100,1,1,7
BRDA:100,2,0,1
BRDA:100,2,1,6
BRF:5
BRH:5
end_of_record
TN:
SF:src/utils/theme-utils.ts
FN:10,getSystemThemePreference
FN:25,watchSystemTheme
FN:28,(anonymous_2)
FN:35,(anonymous_3)
FN:40,(anonymous_4)
FN:43,(anonymous_5)
FN:49,applyTheme
FN:68,updateMetaThemeColor
FN:84,resolveThemeMode
FN:94,getCurrentThemeClass
FN:110,prefersReducedMotion
FN:117,prefersHighContrast
FN:124,getThemeIcon
FN:140,getNextThemePreference
FNF:14
FNH:7
FNDA:26,getSystemThemePreference
FNDA:2,watchSystemTheme
FNDA:0,(anonymous_2)
FNDA:0,(anonymous_3)
FNDA:0,(anonymous_4)
FNDA:0,(anonymous_5)
FNDA:32,applyTheme
FNDA:32,updateMetaThemeColor
FNDA:27,resolveThemeMode
FNDA:0,getCurrentThemeClass
FNDA:0,prefersReducedMotion
FNDA:0,prefersHighContrast
FNDA:3,getThemeIcon
FNDA:6,getNextThemePreference
DA:10,3
DA:11,26
DA:12,18
DA:14,8
DA:20,3
DA:25,3
DA:26,2
DA:28,2
DA:29,0
DA:33,2
DA:34,2
DA:35,2
DA:38,0
DA:39,0
DA:40,0
DA:43,0
DA:49,3
DA:50,32
DA:53,32
DA:56,32
DA:59,32
DA:62,32
DA:69,32
DA:71,32
DA:72,3
DA:73,3
DA:74,3
DA:78,32
DA:84,3
DA:85,27
DA:86,11
DA:88,16
DA:94,3
DA:95,0
DA:97,0
DA:98,0
DA:100,0
DA:101,0
DA:104,0
DA:110,3
DA:111,0
DA:117,3
DA:118,0
DA:124,3
DA:125,3
DA:127,1
DA:129,1
DA:131,1
DA:133,0
DA:140,3
DA:141,6
DA:142,6
DA:143,6
DA:144,6
DA:150,3
LF:55
LH:41
BRDA:11,0,0,18
BRDA:11,1,0,26
BRDA:11,1,1,26
BRDA:29,2,0,0
BRDA:29,2,1,0
BRDA:33,3,0,2
BRDA:33,3,1,0
BRDA:38,4,0,0
BRDA:53,5,0,1
BRDA:53,5,1,31
BRDA:71,6,0,3
BRDA:78,7,0,21
BRDA:78,7,1,11
BRDA:85,8,0,11
BRDA:97,9,0,0
BRDA:100,10,0,0
BRDA:125,11,0,1
BRDA:125,11,1,1
BRDA:125,11,2,1
BRDA:125,11,3,0
BRF:20
BRH:13
end_of_record
TN:
SF:src/utils/url-utils.ts
FN:8,parseQueryParams
FN:13,(anonymous_1)
FN:28,getQueryParam
FN:49,setQueryParam
FN:62,removeQueryParam
FN:75,parseQueryString
FN:86,(anonymous_6)
FN:99,buildQueryString
FN:102,(anonymous_8)
FN:119,buildUrl
FN:122,(anonymous_10)
FN:135,parseOAuthCallback
FN:154,removeQueryParams
FN:167,updateUrl
FN:178,replaceUrl
FN:189,getCurrentPath
FN:196,matchesPath
FNF:17
FNH:7
FNDA:0,parseQueryParams
FNDA:0,(anonymous_1)
FNDA:4,getQueryParam
FNDA:3,setQueryParam
FNDA:2,removeQueryParam
FNDA:5,parseQueryString
FNDA:6,(anonymous_6)
FNDA:4,buildQueryString
FNDA:6,(anonymous_8)
FNDA:0,buildUrl
FNDA:0,(anonymous_10)
FNDA:0,parseOAuthCallback
FNDA:0,removeQueryParams
FNDA:0,updateUrl
FNDA:0,replaceUrl
FNDA:0,getCurrentPath
FNDA:0,matchesPath
DA:8,3
DA:9,0
DA:11,0
DA:12,0
DA:13,0
DA:14,0
DA:17,0
DA:20,0
DA:28,3
DA:29,4
DA:30,4
DA:31,4
DA:32,4
DA:35,4
DA:36,1
DA:39,3
DA:41,0
DA:42,0
DA:49,3
DA:50,3
DA:51,3
DA:52,3
DA:53,3
DA:55,0
DA:62,3
DA:63,2
DA:64,2
DA:65,2
DA:66,2
DA:68,0
DA:75,3
DA:76,5
DA:78,5
DA:80,5
DA:81,5
DA:82,2
DA:85,3
DA:86,3
DA:87,6
DA:90,0
DA:93,3
DA:99,3
DA:100,4
DA:101,4
DA:102,4
DA:103,6
DA:104,6
DA:109,4
DA:111,0
DA:112,0
DA:119,3
DA:120,0
DA:121,0
DA:122,0
DA:123,0
DA:125,0
DA:127,0
DA:128,0
DA:135,3
DA:141,0
DA:143,0
DA:154,3
DA:155,0
DA:156,0
DA:157,0
DA:159,0
DA:160,0
DA:167,3
DA:168,0
DA:169,0
DA:171,0
DA:178,3
DA:179,0
DA:180,0
DA:182,0
DA:189,3
DA:190,0
DA:196,3
DA:197,0
DA:200,0
DA:201,0
DA:205,0
DA:206,0
DA:207,0
DA:210,0
LF:85
LH:43
BRDA:8,0,0,0
BRDA:30,1,0,0
BRDA:30,1,1,4
BRDA:30,2,0,4
BRDA:30,2,1,1
BRDA:35,3,0,1
BRDA:35,4,0,4
BRDA:35,4,1,2
BRDA:35,4,2,1
BRDA:42,5,0,0
BRDA:42,5,1,0
BRDA:42,6,0,0
BRDA:42,6,1,0
BRDA:81,7,0,2
BRDA:103,8,0,6
BRDA:103,9,0,6
BRDA:103,9,1,6
BRDA:135,10,0,0
BRDA:144,11,0,0
BRDA:144,11,1,0
BRDA:145,12,0,0
BRDA:145,12,1,0
BRDA:146,13,0,0
BRDA:146,13,1,0
BRDA:147,14,0,0
BRDA:147,14,1,0
BRDA:154,15,0,0
BRDA:169,16,0,0
BRDA:169,16,1,0
BRDA:180,17,0,0
BRDA:180,17,1,0
BRDA:200,18,0,0
BRDA:205,19,0,0
BRF:33
BRH:11
end_of_record
TN:
SF:src/utils/viewport-utils.ts
FN:43,getViewportDimensions
FN:53,getCurrentBreakpoint
FN:77,getOptimalColumns
FN:78,(anonymous_3)
FN:108,getOrientation
FN:115,isBreakpoint
FN:122,isMobile
FN:129,isTablet
FN:136,isDesktop
FN:143,isWide
FN:150,isUltraWide
FN:157,getViewportState
FN:177,watchViewport
FN:183,(anonymous_13)
FN:188,(anonymous_14)
FN:199,(anonymous_15)
FN:211,isTouchDevice
FN:223,getMinTouchTargetSize
FN:230,isReducedViewportHeight
FNF:19
FNH:6
FNDA:0,getViewportDimensions
FNDA:23,getCurrentBreakpoint
FNDA:18,getOptimalColumns
FNDA:47,(anonymous_3)
FNDA:0,getOrientation
FNDA:0,isBreakpoint
FNDA:6,isMobile
FNDA:6,isTablet
FNDA:10,isDesktop
FNDA:0,isWide
FNDA:0,isUltraWide
FNDA:0,getViewportState
FNDA:0,watchViewport
FNDA:0,(anonymous_13)
FNDA:0,(anonymous_14)
FNDA:0,(anonymous_15)
FNDA:0,isTouchDevice
FNDA:0,getMinTouchTargetSize
FNDA:0,isReducedViewportHeight
DA:8,2
DA:43,2
DA:44,0
DA:53,2
DA:54,23
DA:55,64
DA:56,60
DA:57,19
DA:60,4
DA:61,4
DA:66,0
DA:72,2
DA:77,2
DA:78,18
DA:79,47
DA:80,44
DA:82,3
DA:85,18
DA:86,0
DA:90,18
DA:91,18
DA:92,18
DA:95,18
DA:96,18
DA:99,18
DA:102,18
DA:108,2
DA:109,0
DA:115,2
DA:116,0
DA:122,2
DA:123,6
DA:129,2
DA:130,6
DA:136,2
DA:137,10
DA:143,2
DA:144,0
DA:150,2
DA:151,0
DA:157,2
DA:158,0
DA:159,0
DA:160,0
DA:161,0
DA:162,0
DA:164,0
DA:177,2
DA:181,0
DA:183,0
DA:184,0
DA:185,0
DA:188,0
DA:189,0
DA:193,0
DA:194,0
DA:197,0
DA:199,0
DA:200,0
DA:201,0
DA:203,0
DA:204,0
DA:211,2
DA:212,0
DA:223,2
DA:224,0
DA:230,2
DA:233,0
LF:68
LH:38
BRDA:53,0,0,23
BRDA:55,1,0,60
BRDA:55,1,1,4
BRDA:56,2,0,19
BRDA:56,3,0,60
BRDA:56,3,1,60
BRDA:60,4,0,4
BRDA:77,5,0,17
BRDA:79,6,0,44
BRDA:80,7,0,44
BRDA:80,7,1,44
BRDA:85,8,0,0
BRDA:92,9,0,6
BRDA:92,9,1,12
BRDA:92,10,0,3
BRDA:92,10,1,9
BRDA:95,11,0,9
BRDA:95,11,1,9
BRDA:95,12,0,18
BRDA:95,12,1,14
BRDA:95,12,2,12
BRDA:109,13,0,0
BRDA:109,13,1,0
BRDA:115,14,0,0
BRDA:122,15,0,6
BRDA:129,16,0,6
BRDA:130,17,0,6
BRDA:130,17,1,4
BRDA:136,18,0,10
BRDA:143,19,0,0
BRDA:150,20,0,0
BRDA:161,21,0,0
BRDA:161,21,1,0
BRDA:179,22,0,0
BRDA:184,23,0,0
BRDA:200,24,0,0
BRDA:213,25,0,0
BRDA:213,25,1,0
BRDA:213,25,2,0
BRDA:224,26,0,0
BRDA:224,26,1,0
BRDA:233,27,0,0
BRDA:233,27,1,0
BRF:43
BRH:25
end_of_record
